<?xml version="1.0" encoding="UTF-8"?>
<testsuite xmlns:xsi="http://www.w3.org/2001/XMLSchema-instance" xsi:noNamespaceSchemaLocation="https://maven.apache.org/surefire/maven-surefire-plugin/xsd/surefire-test-report-3.0.xsd" version="3.0" name="com.footygear.CustomerTest" time="0.061" tests="4" errors="0" skipped="0" failures="0">
  <properties>
[...]
</properties>
  <testcase name="addProductToCartHappy" classname="com.footygear.CustomerTest" time="0.034"/>
  <testcase name="createCustomerWithEmptyNameThrows" classname="com.footygear.CustomerTest" time="0.002"/>
  <testcase name="addNullProductThrows" classname="com.footygear.CustomerTest" time="0.001"/>
  <testcase name="createCustomerHappyPath" classname="com.footygear.CustomerTest" time="0.001"/>
</testsuite>